This file contains any messages produced by compilers while
running configure, to aid debugging if configure makes a mistake.

It was created by dynamic_motd_java configure 0.1, which was
generated by GNU Autoconf 2.69.  Invocation command line was

  $ /Users/Asher/Dropbox/Development/Workspace/Dynamic-MOTD-Java/configure --enable-maintainer-mode

## --------- ##
## Platform. ##
## --------- ##

hostname = Ubuntu-Laptop
uname -m = x86_64
uname -r = 3.11.0-2-generic
uname -s = Linux
uname -v = #5-Ubuntu SMP Mon Aug 12 16:09:51 UTC 2013

/usr/bin/uname -p = unknown
/bin/uname -X     = unknown

/bin/arch              = unknown
/usr/bin/arch -k       = unknown
/usr/convex/getsysinfo = unknown
/usr/bin/hostinfo      = unknown
/bin/machine           = unknown
/usr/bin/oslevel       = unknown
/bin/universe          = unknown

PATH: /usr/local/sbin
PATH: /usr/local/bin
PATH: /usr/sbin
PATH: /usr/bin
PATH: /sbin
PATH: /bin
PATH: /usr/games
PATH: /usr/local/games


## ----------- ##
## Core tests. ##
## ----------- ##

configure:1754: checking for a BSD-compatible install
configure:1822: result: /usr/bin/install -c
configure:1833: checking whether build environment is sane
configure:1888: result: yes
configure:2039: checking for a thread-safe mkdir -p
configure:2078: result: /bin/mkdir -p
configure:2085: checking for gawk
configure:2101: found /usr/bin/gawk
configure:2112: result: gawk
configure:2123: checking whether make sets $(MAKE)
configure:2145: result: yes
configure:2174: checking whether make supports nested variables
configure:2191: result: yes
configure:2287: checking whether make supports nested variables
configure:2304: result: yes
configure:2433: checking that generated files are newer than configure
configure:2439: result: done
configure:2447: creating ./config.status

## ---------------------- ##
## Running config.status. ##
## ---------------------- ##

This file was extended by dynamic_motd_java config.status 0.1, which was
generated by GNU Autoconf 2.69.  Invocation command line was

  CONFIG_FILES    = 
  CONFIG_HEADERS  = 
  CONFIG_LINKS    = 
  CONFIG_COMMANDS = 
  $ ./config.status 

on Ubuntu-Laptop

config.status:810: creating Makefile
config.status:810: creating src/Makefile
config.status:810: creating config.h
configure:3650: WARNING: unrecognized options: --enable-maintainer-mode

## ---------------- ##
## Cache variables. ##
## ---------------- ##

ac_cv_env_build_alias_set=
ac_cv_env_build_alias_value=
ac_cv_env_host_alias_set=
ac_cv_env_host_alias_value=
ac_cv_env_target_alias_set=
ac_cv_env_target_alias_value=
ac_cv_path_install='/usr/bin/install -c'
ac_cv_path_mkdir=/bin/mkdir
ac_cv_prog_AWK=gawk
ac_cv_prog_make_make_set=yes
am_cv_make_support_nested_variables=yes

## ----------------- ##
## Output variables. ##
## ----------------- ##

ACLOCAL='${SHELL} /Users/Asher/Dropbox/Development/Workspace/Dynamic-MOTD-Java/missing aclocal-1.13'
AMTAR='$${TAR-tar}'
AM_BACKSLASH='\'
AM_DEFAULT_V='$(AM_DEFAULT_VERBOSITY)'
AM_DEFAULT_VERBOSITY='0'
AM_V='$(V)'
AUTOCONF='${SHELL} /Users/Asher/Dropbox/Development/Workspace/Dynamic-MOTD-Java/missing autoconf'
AUTOHEADER='${SHELL} /Users/Asher/Dropbox/Development/Workspace/Dynamic-MOTD-Java/missing autoheader'
AUTOMAKE='${SHELL} /Users/Asher/Dropbox/Development/Workspace/Dynamic-MOTD-Java/missing automake-1.13'
AWK='gawk'
CYGPATH_W='echo'
DEFS='-DHAVE_CONFIG_H'
ECHO_C=''
ECHO_N='-n'
ECHO_T=''
INSTALL_DATA='${INSTALL} -m 644'
INSTALL_PROGRAM='${INSTALL}'
INSTALL_SCRIPT='${INSTALL}'
INSTALL_STRIP_PROGRAM='$(install_sh) -c -s'
LIBOBJS=''
LIBS=''
LTLIBOBJS=''
MAKEINFO='${SHELL} /Users/Asher/Dropbox/Development/Workspace/Dynamic-MOTD-Java/missing makeinfo'
MKDIR_P='/bin/mkdir -p'
PACKAGE='dynamic_motd_java'
PACKAGE_BUGREPORT=''
PACKAGE_NAME='dynamic_motd_java'
PACKAGE_STRING='dynamic_motd_java 0.1'
PACKAGE_TARNAME='dynamic_motd_java'
PACKAGE_URL=''
PACKAGE_VERSION='0.1'
PATH_SEPARATOR=':'
SET_MAKE=''
SHELL='/bin/bash'
STRIP=''
VERSION='0.1'
am__isrc=''
am__leading_dot='.'
am__tar='$${TAR-tar} chof - "$$tardir"'
am__untar='$${TAR-tar} xf -'
bindir='${exec_prefix}/bin'
build_alias=''
datadir='${datarootdir}'
datarootdir='${prefix}/share'
docdir='${datarootdir}/doc/${PACKAGE_TARNAME}'
dvidir='${docdir}'
exec_prefix='${prefix}'
host_alias=''
htmldir='${docdir}'
includedir='${prefix}/include'
infodir='${datarootdir}/info'
install_sh='${SHELL} /Users/Asher/Dropbox/Development/Workspace/Dynamic-MOTD-Java/install-sh'
libdir='${exec_prefix}/lib'
libexecdir='${exec_prefix}/libexec'
localedir='${datarootdir}/locale'
localstatedir='${prefix}/var'
mandir='${datarootdir}/man'
mkdir_p='$(MKDIR_P)'
oldincludedir='/usr/include'
pdfdir='${docdir}'
prefix='/usr/local'
program_transform_name='s,x,x,'
psdir='${docdir}'
sbindir='${exec_prefix}/sbin'
sharedstatedir='${prefix}/com'
sysconfdir='${prefix}/etc'
target_alias=''

## ----------- ##
## confdefs.h. ##
## ----------- ##

/* confdefs.h */
#define PACKAGE_NAME "dynamic_motd_java"
#define PACKAGE_TARNAME "dynamic_motd_java"
#define PACKAGE_VERSION "0.1"
#define PACKAGE_STRING "dynamic_motd_java 0.1"
#define PACKAGE_BUGREPORT ""
#define PACKAGE_URL ""
#define PACKAGE "dynamic_motd_java"
#define VERSION "0.1"

configure: exit 0
